七月 19, 2018 4:00:00 上午 org.eclipse.birt.report.engine.emitter.excel.layout.Page needOutputInMasterPage
警告: Excel page header and footer don't support html text.
七月 19, 2018 4:00:22 上午 org.eclipse.birt.report.engine.emitter.excel.layout.Page needOutputInMasterPage
警告: Excel page header and footer don't support html text.
七月 19, 2018 4:00:26 上午 org.eclipse.birt.report.engine.layout.emitter.PageDeviceRender log
警告: null
ExceptionConverter: org.eclipse.jetty.io.EofException
	at org.eclipse.jetty.io.ChannelEndPoint.flush(ChannelEndPoint.java:292)
	at org.eclipse.jetty.io.WriteFlusher.flush(WriteFlusher.java:429)
	at org.eclipse.jetty.io.WriteFlusher.write(WriteFlusher.java:322)
	at org.eclipse.jetty.io.AbstractEndPoint.write(AbstractEndPoint.java:372)
	at org.eclipse.jetty.server.HttpConnection$SendCallback.process(HttpConnection.java:741)
	at org.eclipse.jetty.util.IteratingCallback.processing(IteratingCallback.java:241)
	at org.eclipse.jetty.util.IteratingCallback.iterate(IteratingCallback.java:224)
	at org.eclipse.jetty.server.HttpConnection.send(HttpConnection.java:521)
	at org.eclipse.jetty.server.HttpChannel.sendResponse(HttpChannel.java:705)
	at org.eclipse.jetty.server.HttpChannel.write(HttpChannel.java:761)
	at org.eclipse.jetty.server.HttpOutput.write(HttpOutput.java:234)
	at org.eclipse.jetty.server.HttpOutput.write(HttpOutput.java:218)
	at org.eclipse.jetty.server.HttpOutput.write(HttpOutput.java:509)
	at org.springframework.security.web.util.OnCommittedResponseWrapper$SaveContextServletOutputStream.write(OnCommittedResponseWrapper.java:639)
	at org.eclipse.birt.report.engine.emitter.EmitterUtil$EmitterOutputStream.write(EmitterUtil.java:137)
	at java.io.BufferedOutputStream.write(BufferedOutputStream.java:122)
	at java.io.BufferedOutputStream.write(BufferedOutputStream.java:122)
	at com.lowagie.text.pdf.OutputStreamCounter.write(Unknown Source)
	at java.io.ByteArrayOutputStream.writeTo(ByteArrayOutputStream.java:167)
	at com.lowagie.text.pdf.PdfStream.toPdf(Unknown Source)
	at com.lowagie.text.pdf.PdfIndirectObject.writeTo(Unknown Source)
	at com.lowagie.text.pdf.PdfWriter$PdfBody.add(Unknown Source)
	at com.lowagie.text.pdf.PdfWriter$PdfBody.add(Unknown Source)
	at com.lowagie.text.pdf.PdfWriter$PdfBody.add(Unknown Source)
	at com.lowagie.text.pdf.PdfWriter.addToBody(Unknown Source)
	at com.lowagie.text.pdf.TrueTypeFontUnicode.writeFont(Unknown Source)
	at com.lowagie.text.pdf.FontDetails.writeFont(Unknown Source)
	at com.lowagie.text.pdf.PdfWriter.addSharedObjectsToBody(Unknown Source)
	at com.lowagie.text.pdf.PdfWriter.close(Unknown Source)
	at com.lowagie.text.pdf.PdfDocument.close(Unknown Source)
	at com.lowagie.text.Document.close(Unknown Source)
	at org.eclipse.birt.report.engine.emitter.pdf.PDFPageDevice.close(PDFPageDevice.java:174)
	at org.eclipse.birt.report.engine.layout.emitter.PageDeviceRender.end(PageDeviceRender.java:144)
	at org.eclipse.birt.report.engine.emitter.pdf.PDFRender.end(PDFRender.java:143)
	at org.eclipse.birt.report.engine.layout.emitter.PageEmitter.end(PageEmitter.java:63)
	at org.eclipse.birt.report.engine.nLayout.LayoutEngine.end(LayoutEngine.java:347)
	at org.eclipse.birt.report.engine.api.impl.RenderTask$PageRangeRender.render(RenderTask.java:731)
	at org.eclipse.birt.report.engine.api.impl.RenderTask.render(RenderTask.java:321)
	at org.eclipse.birt.report.service.ReportEngineService.renderReport(ReportEngineService.java:1555)
	at org.eclipse.birt.report.service.BirtViewerReportService.renderReport(BirtViewerReportService.java:369)
	at org.eclipse.birt.report.service.actionhandler.BirtRenderReportActionHandler.__execute(BirtRenderReportActionHandler.java:65)
	at org.eclipse.birt.report.service.actionhandler.AbstractBaseActionHandler.execute(AbstractBaseActionHandler.java:90)
	at org.eclipse.birt.report.presentation.aggregation.layout.FramesetFragment.doService(FramesetFragment.java:224)
	at org.eclipse.birt.report.presentation.aggregation.layout.FramesetFragment.service(FramesetFragment.java:86)
	at org.eclipse.birt.report.servlet.ViewerServlet.__doGet(ViewerServlet.java:181)
	at org.eclipse.birt.report.servlet.BirtSoapMessageDispatcherServlet.doPost(BirtSoapMessageDispatcherServlet.java:278)
	at javax.servlet.http.HttpServlet.service(HttpServlet.java:707)
	at org.apache.axis.transport.http.AxisServletBase.service(AxisServletBase.java:327)
	at javax.servlet.http.HttpServlet.service(HttpServlet.java:790)
	at org.eclipse.birt.report.servlet.BirtSoapMessageDispatcherServlet.service(BirtSoapMessageDispatcherServlet.java:122)
	at org.eclipse.jetty.servlet.ServletHolder.handle(ServletHolder.java:841)
	at org.eclipse.jetty.servlet.ServletHandler$CachedChain.doFilter(ServletHandler.java:1634)
	at org.eclipse.birt.report.filter.ViewerFilter.doFilter(ViewerFilter.java:68)
	at org.eclipse.jetty.servlet.ServletHandler$CachedChain.doFilter(ServletHandler.java:1613)
	at org.eclipse.jetty.websocket.server.WebSocketUpgradeFilter.doFilter(WebSocketUpgradeFilter.java:206)
	at org.eclipse.jetty.servlet.ServletHandler$CachedChain.doFilter(ServletHandler.java:1621)
	at org.springframework.security.web.FilterChainProxy$VirtualFilterChain.doFilter(FilterChainProxy.java:317)
	at org.springframework.security.web.access.intercept.FilterSecurityInterceptor.invoke(FilterSecurityInterceptor.java:127)
	at org.springframework.security.web.access.intercept.FilterSecurityInterceptor.doFilter(FilterSecurityInterceptor.java:91)
	at org.springframework.security.web.FilterChainProxy$VirtualFilterChain.doFilter(FilterChainProxy.java:331)
	at org.springframework.security.web.access.ExceptionTranslationFilter.doFilter(ExceptionTranslationFilter.java:114)
	at org.springframework.security.web.FilterChainProxy$VirtualFilterChain.doFilter(FilterChainProxy.java:331)
	at org.springframework.security.web.session.SessionManagementFilter.doFilter(SessionManagementFilter.java:137)
	at org.springframework.security.web.FilterChainProxy$VirtualFilterChain.doFilter(FilterChainProxy.java:331)
	at org.springframework.security.web.authentication.AnonymousAuthenticationFilter.doFilter(AnonymousAuthenticationFilter.java:111)
	at org.springframework.security.web.FilterChainProxy$VirtualFilterChain.doFilter(FilterChainProxy.java:331)
	at org.springframework.security.web.servletapi.SecurityContextHolderAwareRequestFilter.doFilter(SecurityContextHolderAwareRequestFilter.java:170)
	at org.springframework.security.web.FilterChainProxy$VirtualFilterChain.doFilter(FilterChainProxy.java:331)
	at org.springframework.security.web.savedrequest.RequestCacheAwareFilter.doFilter(RequestCacheAwareFilter.java:63)
	at org.springframework.security.web.FilterChainProxy$VirtualFilterChain.doFilter(FilterChainProxy.java:331)
	at org.springframework.security.web.authentication.AbstractAuthenticationProcessingFilter.doFilter(AbstractAuthenticationProcessingFilter.java:200)
	at org.springframework.security.web.FilterChainProxy$VirtualFilterChain.doFilter(FilterChainProxy.java:331)
	at org.springframework.security.web.authentication.logout.LogoutFilter.doFilter(LogoutFilter.java:116)
	at org.springframework.security.web.FilterChainProxy$VirtualFilterChain.doFilter(FilterChainProxy.java:331)
	at org.springframework.security.web.header.HeaderWriterFilter.doFilterInternal(HeaderWriterFilter.java:64)
	at org.springframework.web.filter.OncePerRequestFilter.doFilter(OncePerRequestFilter.java:107)
	at org.springframework.security.web.FilterChainProxy$VirtualFilterChain.doFilter(FilterChainProxy.java:331)
	at org.springframework.security.web.context.SecurityContextPersistenceFilter.doFilter(SecurityContextPersistenceFilter.java:105)
	at org.springframework.security.web.FilterChainProxy$VirtualFilterChain.doFilter(FilterChainProxy.java:331)
	at org.springframework.security.web.context.request.async.WebAsyncManagerIntegrationFilter.doFilterInternal(WebAsyncManagerIntegrationFilter.java:56)
	at org.springframework.web.filter.OncePerRequestFilter.doFilter(OncePerRequestFilter.java:107)
	at org.springframework.security.web.FilterChainProxy$VirtualFilterChain.doFilter(FilterChainProxy.java:331)
	at org.springframework.security.web.FilterChainProxy.doFilterInternal(FilterChainProxy.java:214)
	at org.springframework.security.web.FilterChainProxy.doFilter(FilterChainProxy.java:177)
	at org.springframework.web.filter.DelegatingFilterProxy.invokeDelegate(DelegatingFilterProxy.java:346)
	at org.springframework.web.filter.DelegatingFilterProxy.doFilter(DelegatingFilterProxy.java:262)
	at org.eclipse.jetty.servlet.ServletHandler$CachedChain.doFilter(ServletHandler.java:1621)
	at org.springframework.web.filter.RequestContextFilter.doFilterInternal(RequestContextFilter.java:99)
	at org.springframework.web.filter.OncePerRequestFilter.doFilter(OncePerRequestFilter.java:107)
	at org.eclipse.jetty.servlet.ServletHandler$CachedChain.doFilter(ServletHandler.java:1621)
	at org.springframework.web.filter.HttpPutFormContentFilter.doFilterInternal(HttpPutFormContentFilter.java:105)
	at org.springframework.web.filter.OncePerRequestFilter.doFilter(OncePerRequestFilter.java:107)
	at org.eclipse.jetty.servlet.ServletHandler$CachedChain.doFilter(ServletHandler.java:1621)
	at org.springframework.web.filter.HiddenHttpMethodFilter.doFilterInternal(HiddenHttpMethodFilter.java:81)
	at org.springframework.web.filter.OncePerRequestFilter.doFilter(OncePerRequestFilter.java:107)
	at org.eclipse.jetty.servlet.ServletHandler$CachedChain.doFilter(ServletHandler.java:1621)
	at org.springframework.web.filter.CharacterEncodingFilter.doFilterInternal(CharacterEncodingFilter.java:197)
	at org.springframework.web.filter.OncePerRequestFilter.doFilter(OncePerRequestFilter.java:107)
	at org.eclipse.jetty.servlet.ServletHandler$CachedChain.doFilter(ServletHandler.java:1621)
	at org.eclipse.jetty.servlet.ServletHandler.doHandle(ServletHandler.java:541)
	at org.eclipse.jetty.server.handler.ScopedHandler.handle(ScopedHandler.java:143)
	at org.eclipse.jetty.security.SecurityHandler.handle(SecurityHandler.java:548)
	at org.eclipse.jetty.server.handler.HandlerWrapper.handle(HandlerWrapper.java:132)
	at org.eclipse.jetty.server.handler.ScopedHandler.nextHandle(ScopedHandler.java:190)
	at org.eclipse.jetty.server.session.SessionHandler.doHandle(SessionHandler.java:1595)
	at org.eclipse.jetty.server.handler.ScopedHandler.nextHandle(ScopedHandler.java:188)
	at org.eclipse.jetty.server.handler.ContextHandler.doHandle(ContextHandler.java:1253)
	at org.eclipse.jetty.server.handler.ScopedHandler.nextScope(ScopedHandler.java:168)
	at org.eclipse.jetty.servlet.ServletHandler.doScope(ServletHandler.java:481)
	at org.eclipse.jetty.server.session.SessionHandler.doScope(SessionHandler.java:1564)
	at org.eclipse.jetty.server.handler.ScopedHandler.nextScope(ScopedHandler.java:166)
	at org.eclipse.jetty.server.handler.ContextHandler.doScope(ContextHandler.java:1155)
	at org.eclipse.jetty.server.handler.ScopedHandler.handle(ScopedHandler.java:141)
	at org.eclipse.jetty.server.handler.gzip.GzipHandler.handle(GzipHandler.java:454)
	at org.eclipse.jetty.server.handler.HandlerWrapper.handle(HandlerWrapper.java:132)
	at org.eclipse.jetty.server.Server.handle(Server.java:564)
	at org.eclipse.jetty.server.HttpChannel.handle(HttpChannel.java:317)
	at org.eclipse.jetty.server.HttpConnection.onFillable(HttpConnection.java:251)
	at org.eclipse.jetty.io.AbstractConnection$ReadCallback.succeeded(AbstractConnection.java:279)
	at org.eclipse.jetty.io.FillInterest.fillable(FillInterest.java:110)
	at org.eclipse.jetty.io.ChannelEndPoint$2.run(ChannelEndPoint.java:124)
	at org.eclipse.jetty.util.thread.Invocable.invokePreferred(Invocable.java:128)
	at org.eclipse.jetty.util.thread.Invocable$InvocableExecutor.invoke(Invocable.java:222)
	at org.eclipse.jetty.util.thread.strategy.EatWhatYouKill.doProduce(EatWhatYouKill.java:294)
	at org.eclipse.jetty.util.thread.strategy.EatWhatYouKill.run(EatWhatYouKill.java:199)
	at org.eclipse.jetty.util.thread.QueuedThreadPool.runJob(QueuedThreadPool.java:672)
	at org.eclipse.jetty.util.thread.QueuedThreadPool$2.run(QueuedThreadPool.java:590)
	at java.lang.Thread.run(Thread.java:745)
Caused by: java.io.IOException: 远程主机强迫关闭了一个现有的连接。
	at sun.nio.ch.SocketDispatcher.writev0(Native Method)
	at sun.nio.ch.SocketDispatcher.writev(SocketDispatcher.java:55)
	at sun.nio.ch.IOUtil.write(IOUtil.java:148)
	at sun.nio.ch.SocketChannelImpl.write(SocketChannelImpl.java:504)
	at org.eclipse.jetty.io.ChannelEndPoint.flush(ChannelEndPoint.java:272)
	... 127 more

